<?xml version="1.0" encoding="UTF-8"?>
<testng-results ignored="3" total="4" passed="1" failed="0" skipped="0">
  <reporter-output>
  </reporter-output>
  <suite started-at="2023-01-31T15:42:46 IST" name="Default suite" finished-at="2023-01-31T15:43:01 IST" duration-ms="14530">
    <groups>
    </groups>
    <test started-at="2023-01-31T15:42:46 IST" name="Default test" finished-at="2023-01-31T15:43:01 IST" duration-ms="14530">
      <class name="districtSecretaryExecutePageClass.DistrictSecretaryLoginPageExecuteTestClass">
        <test-method is-config="true" signature="createReport(org.testng.ITestContext)[pri:0, instance:districtSecretaryExecutePageClass.DistrictSecretaryLoginPageExecuteTestClass@399f45b1]" started-at="2023-01-31T15:42:46 IST" name="createReport" finished-at="2023-01-31T15:42:46 IST" duration-ms="395" status="PASS">
          <params>
            <param index="0">
              <value>
                <![CDATA[org.testng.TestRunner@29896529]]>
              </value>
            </param>
          </params>
          <reporter-output>
          </reporter-output>
        </test-method> <!-- createReport -->
        <test-method is-config="true" signature="beforeMethod()[pri:0, instance:districtSecretaryExecutePageClass.DistrictSecretaryLoginPageExecuteTestClass@399f45b1]" started-at="2023-01-31T15:42:46 IST" name="beforeMethod" finished-at="2023-01-31T15:42:52 IST" duration-ms="5485" status="PASS">
          <reporter-output>
          </reporter-output>
        </test-method> <!-- beforeMethod -->
        <test-method signature="verifywithSuccessfulLogin()[pri:1, instance:districtSecretaryExecutePageClass.DistrictSecretaryLoginPageExecuteTestClass@399f45b1]" started-at="2023-01-31T15:42:52 IST" name="verifywithSuccessfulLogin" finished-at="2023-01-31T15:43:00 IST" duration-ms="8625" status="PASS">
          <reporter-output>
          </reporter-output>
        </test-method> <!-- verifywithSuccessfulLogin -->
        <test-method is-config="true" signature="afterMethod()[pri:0, instance:districtSecretaryExecutePageClass.DistrictSecretaryLoginPageExecuteTestClass@399f45b1]" started-at="2023-01-31T15:43:00 IST" name="afterMethod" finished-at="2023-01-31T15:43:01 IST" duration-ms="377" status="PASS">
          <reporter-output>
          </reporter-output>
        </test-method> <!-- afterMethod -->
      </class> <!-- districtSecretaryExecutePageClass.DistrictSecretaryLoginPageExecuteTestClass -->
    </test> <!-- Default test -->
  </suite> <!-- Default suite -->
</testng-results>
