<?xml version="1.0" encoding="UTF-8"?>
<!-- Generated by org.testng.reporters.JUnitXMLReporter -->
<testsuite ignored="2" hostname="DESKTOP-VKDEH0D" failures="0" tests="1" name="Default test" time="18.166" errors="0" timestamp="2022-11-26T22:39:03 IST">
  <testcase classname="stateSecretaryExecutePageClass.ExecuteLoginPageTestClass" name="verifyLoginwithValidUserNameAndValidPassword" time="8.192"/>
  <testcase classname="stateSecretaryExecutePageClass.ExecuteLoginPageTestClass" name="verifyUnsuccessfulLogin" time="0.0">
    <ignored/>
  </testcase> <!-- verifyUnsuccessfulLogin -->
  <testcase classname="stateSecretaryExecutePageClass.ExecuteLoginPageTestClass" name="verifyLoginPageIsVisibleWhileLaunchingTheApplication" time="0.0">
    <ignored/>
  </testcase> <!-- verifyLoginPageIsVisibleWhileLaunchingTheApplication -->
</testsuite> <!-- Default test -->
