<?xml version="1.0" encoding="UTF-8"?>
<!-- Generated by org.testng.reporters.JUnitXMLReporter -->
<testsuite ignored="3" hostname="DESKTOP-VKDEH0D" failures="0" tests="1" name="Default test" time="14.53" errors="0" timestamp="2023-01-31T15:43:01 IST">
  <testcase classname="districtSecretaryExecutePageClass.DistrictSecretaryLoginPageExecuteTestClass" name="verifywithSuccessfulLogin" time="8.625"/>
  <testcase classname="districtSecretaryExecutePageClass.DistrictSecretaryLoginPageExecuteTestClass" name="verifywithValidUserNameAndInValidPassWordfulLogin" time="0.0">
    <ignored/>
  </testcase> <!-- verifywithValidUserNameAndInValidPassWordfulLogin -->
  <testcase classname="districtSecretaryExecutePageClass.DistrictSecretaryLoginPageExecuteTestClass" name="verifywithInValidUserNameAndInValidPassWordfulLogin" time="0.0">
    <ignored/>
  </testcase> <!-- verifywithInValidUserNameAndInValidPassWordfulLogin -->
  <testcase classname="districtSecretaryExecutePageClass.DistrictSecretaryLoginPageExecuteTestClass" name="verifywithInvalidUserNameAndValidPassWordfulLogin" time="0.0">
    <ignored/>
  </testcase> <!-- verifywithInvalidUserNameAndValidPassWordfulLogin -->
</testsuite> <!-- Default test -->
