<?xml version="1.0" encoding="UTF-8"?>
<!-- Generated by org.testng.reporters.JUnitXMLReporter -->
<testsuite ignored="6" hostname="DESKTOP-VKDEH0D" failures="0" tests="7" name=" Approval 1" time="219.151" errors="0" timestamp="2023-01-31T10:20:03 IST">
  <testcase classname="homePageExecutePageClass.playerSelfRegistrationExecuteTestClass" name="verifyWhetherThePlayersuccessfullyDoTheRegistrationorNot" time="49.448"/>
  <testcase classname="clubExecutePageClass.PlayerApprovalPageExecuteTestClass" name="verifyWithClickOnMoreInfoButton" time="9.651"/>
  <testcase classname="clubExecutePageClass.PlayerApprovalPageExecuteTestClass" name="verifyWithSelfRegisteredPlayerApproval" time="13.003"/>
  <testcase classname="districtSecretaryExecutePageClass.PlayerApprovalPageExecuteTestClass" name="verifywithMoreInfoButton" time="31.441"/>
  <testcase classname="districtSecretaryExecutePageClass.PlayerApprovalPageExecuteTestClass" name="verifywithSelfRegistredPlayerApproval" time="27.058"/>
  <testcase classname="stateSecretaryExecutePageClass.PlayerApprovalExecuteTestClass" name="verifyWithSelfRegisterdMoreInfo" time="24.165"/>
  <testcase classname="stateSecretaryExecutePageClass.PlayerApprovalExecuteTestClass" name="verifyWithSelfRegisterdPlayerApproval" time="25.54"/>
  <testcase classname="stateSecretaryExecutePageClass.PlayerApprovalExecuteTestClass" name="verifyWithDistrictSecretaryRegisterdPlayerApproval" time="0.0">
    <ignored/>
  </testcase> <!-- verifyWithDistrictSecretaryRegisterdPlayerApproval -->
  <testcase classname="stateSecretaryExecutePageClass.PlayerApprovalExecuteTestClass" name="verifyWithClubRegisterdPlayerApproval" time="0.0">
    <ignored/>
  </testcase> <!-- verifyWithClubRegisterdPlayerApproval -->
  <testcase classname="districtSecretaryExecutePageClass.PlayerApprovalPageExecuteTestClass" name="verifywithClubRegistredPlayerApproval" time="0.0">
    <ignored/>
  </testcase> <!-- verifywithClubRegistredPlayerApproval -->
  <testcase classname="baseClass.BaseClas" name="@BeforeSuite createReport" time="0.0">
    <ignored/>
  </testcase> <!-- @BeforeSuite createReport -->
  <testcase classname="baseClass.BaseClas" name="@BeforeSuite createReport" time="0.0">
    <ignored/>
  </testcase> <!-- @BeforeSuite createReport -->
  <testcase classname="baseClass.BaseClas" name="@BeforeSuite createReport" time="0.0">
    <ignored/>
  </testcase> <!-- @BeforeSuite createReport -->
</testsuite> <!--  Approval 1 -->
