<?xml version="1.0" encoding="UTF-8"?>
<!-- Generated by org.testng.reporters.JUnitXMLReporter -->
<testsuite ignored="7" hostname="DESKTOP-VKDEH0D" failures="0" tests="3" name="Approval 2" time="101.434" errors="0" timestamp="2022-12-30T10:09:07 IST">
  <testcase classname="clubExecutePageClass.PlayerRegistrationPageExecuteTestClass" name="verifyClubCanDoPlayerRegistrationOrNot" time="39.096"/>
  <testcase classname="districtSecretaryExecutePageClass.PlayerApprovalPageExecuteTestClass" name="verifywithClubRegistredPlayerApproval" time="17.998"/>
  <testcase classname="stateSecretaryExecutePageClass.PlayerApprovalExecuteTestClass" name="verifyWithClubRegisterdPlayerApproval" time="17.966"/>
  <testcase classname="stateSecretaryExecutePageClass.PlayerApprovalExecuteTestClass" name="verifyWithDistrictSecretaryRegisterdPlayerApproval" time="0.0">
    <ignored/>
  </testcase> <!-- verifyWithDistrictSecretaryRegisterdPlayerApproval -->
  <testcase classname="districtSecretaryExecutePageClass.PlayerApprovalPageExecuteTestClass" name="verifywithSelfRegistredPlayerApproval" time="0.0">
    <ignored/>
  </testcase> <!-- verifywithSelfRegistredPlayerApproval -->
  <testcase classname="districtSecretaryExecutePageClass.PlayerApprovalPageExecuteTestClass" name="verifywithMoreInfoButton" time="0.0">
    <ignored/>
  </testcase> <!-- verifywithMoreInfoButton -->
  <testcase classname="stateSecretaryExecutePageClass.PlayerApprovalExecuteTestClass" name="verifyWithSelfRegisterdPlayerApproval" time="0.0">
    <ignored/>
  </testcase> <!-- verifyWithSelfRegisterdPlayerApproval -->
  <testcase classname="baseClass.BaseClas" name="@BeforeSuite createReport" time="0.0">
    <ignored/>
  </testcase> <!-- @BeforeSuite createReport -->
  <testcase classname="baseClass.BaseClas" name="@BeforeSuite createReport" time="0.0">
    <ignored/>
  </testcase> <!-- @BeforeSuite createReport -->
  <testcase classname="stateSecretaryExecutePageClass.PlayerApprovalExecuteTestClass" name="verifyWithSelfRegisterdMoreInfo" time="0.0">
    <ignored/>
  </testcase> <!-- verifyWithSelfRegisterdMoreInfo -->
</testsuite> <!-- Approval 2 -->
