<?xml version="1.0" encoding="UTF-8"?>
<!-- Generated by org.testng.reporters.JUnitXMLReporter -->
<testsuite ignored="6" hostname="DESKTOP-VKDEH0D" failures="0" tests="7" name="Approval 1" time="165.526" errors="0" timestamp="2022-12-30T10:07:25 IST">
  <testcase classname="homePageExecutePageClass.playerSelfRegistrationExecuteTestClass" name="verifyWhetherThePlayersuccessfullyDoTheRegistrationorNot" time="42.671"/>
  <testcase classname="clubExecutePageClass.PlayerApprovalPageExecuteTestClass" name="verifyWithClickOnMoreInfoButton" time="13.814"/>
  <testcase classname="clubExecutePageClass.PlayerApprovalPageExecuteTestClass" name="verifyWithSelfRegisteredPlayerApproval" time="21.068"/>
  <testcase classname="districtSecretaryExecutePageClass.PlayerApprovalPageExecuteTestClass" name="verifywithMoreInfoButton" time="11.599"/>
  <testcase classname="districtSecretaryExecutePageClass.PlayerApprovalPageExecuteTestClass" name="verifywithSelfRegistredPlayerApproval" time="16.059"/>
  <testcase classname="stateSecretaryExecutePageClass.PlayerApprovalExecuteTestClass" name="verifyWithSelfRegisterdMoreInfo" time="16.941"/>
  <testcase classname="stateSecretaryExecutePageClass.PlayerApprovalExecuteTestClass" name="verifyWithSelfRegisterdPlayerApproval" time="18.193"/>
  <testcase classname="stateSecretaryExecutePageClass.PlayerApprovalExecuteTestClass" name="verifyWithDistrictSecretaryRegisterdPlayerApproval" time="0.0">
    <ignored/>
  </testcase> <!-- verifyWithDistrictSecretaryRegisterdPlayerApproval -->
  <testcase classname="stateSecretaryExecutePageClass.PlayerApprovalExecuteTestClass" name="verifyWithClubRegisterdPlayerApproval" time="0.0">
    <ignored/>
  </testcase> <!-- verifyWithClubRegisterdPlayerApproval -->
  <testcase classname="districtSecretaryExecutePageClass.PlayerApprovalPageExecuteTestClass" name="verifywithClubRegistredPlayerApproval" time="0.0">
    <ignored/>
  </testcase> <!-- verifywithClubRegistredPlayerApproval -->
  <testcase classname="baseClass.BaseClas" name="@BeforeSuite createReport" time="0.0">
    <ignored/>
  </testcase> <!-- @BeforeSuite createReport -->
  <testcase classname="baseClass.BaseClas" name="@BeforeSuite createReport" time="0.0">
    <ignored/>
  </testcase> <!-- @BeforeSuite createReport -->
  <testcase classname="baseClass.BaseClas" name="@BeforeSuite createReport" time="0.0">
    <ignored/>
  </testcase> <!-- @BeforeSuite createReport -->
</testsuite> <!-- Approval 1 -->
