<?xml version="1.0" encoding="UTF-8"?>
<!-- Generated by org.testng.reporters.JUnitXMLReporter -->
<testsuite ignored="4" hostname="DESKTOP-VKDEH0D" failures="0" tests="2" name="Approval 3" time="107.287" errors="0" timestamp="2023-01-31T10:23:56 IST">
  <testcase classname="districtSecretaryExecutePageClass.PlayerRegistrationExecuteTestClass" name="verifyWithPlayerRegistration" time="59.282"/>
  <testcase classname="stateSecretaryExecutePageClass.PlayerApprovalExecuteTestClass" name="verifyWithDistrictSecretaryRegisterdPlayerApproval" time="24.93"/>
  <testcase classname="stateSecretaryExecutePageClass.PlayerApprovalExecuteTestClass" name="verifyWithClubRegisterdPlayerApproval" time="0.0">
    <ignored/>
  </testcase> <!-- verifyWithClubRegisterdPlayerApproval -->
  <testcase classname="stateSecretaryExecutePageClass.PlayerApprovalExecuteTestClass" name="verifyWithSelfRegisterdPlayerApproval" time="0.0">
    <ignored/>
  </testcase> <!-- verifyWithSelfRegisterdPlayerApproval -->
  <testcase classname="baseClass.BaseClas" name="@BeforeSuite createReport" time="0.0">
    <ignored/>
  </testcase> <!-- @BeforeSuite createReport -->
  <testcase classname="stateSecretaryExecutePageClass.PlayerApprovalExecuteTestClass" name="verifyWithSelfRegisterdMoreInfo" time="0.0">
    <ignored/>
  </testcase> <!-- verifyWithSelfRegisterdMoreInfo -->
</testsuite> <!-- Approval 3 -->
