<?xml version="1.0" encoding="UTF-8"?>
<!-- Generated by org.testng.reporters.JUnitXMLReporter -->
<testsuite ignored="10" hostname="DESKTOP-VKDEH0D" failures="1" tests="1" name="Club Login - District Level Mixed Doubles Tournament Entry" time="18.14" errors="0" timestamp="2023-01-28T09:08:23 IST">
  <testcase classname="clubExecutePageClass.TournamentEntryPageExecuteTestClass" name="toVerifyClubCanDoMixedDoublesDistrictLevelTournamentEnrolment" time="13.114">
    <failure type="org.openqa.selenium.ElementClickInterceptedException" message="element click intercepted: Element &amp;lt;a class=&amp;quot;sub_module&amp;quot; href=&amp;quot;#&amp;quot; id=&amp;quot;10002_sub_module_id&amp;quot; title=&amp;quot;Process&amp;quot; onclick=&amp;quot;SubModuleMenuClick(this)&amp;quot; sub_module_url=&amp;quot;../Process/TournamentEnrollment&amp;quot;&amp;gt;...&amp;lt;/a&amp;gt; is not clickable at point (112, 202). Other element would receive the click: &amp;lt;div id=&amp;quot;myModalLoadmenu&amp;quot; class=&amp;quot;modal fade in&amp;quot; role=&amp;quot;dialog&amp;quot; aria-hidden=&amp;quot;true&amp;quot; style=&amp;quot;display: block; padding-right: 17px;&amp;quot;&amp;gt;...&amp;lt;/div&amp;gt;
  (Session info: chrome=109.0.5414.120)
Build info: version: &amp;apos;4.6.0&amp;apos;, revision: &amp;apos;79f1c02ae20&amp;apos;
System info: os.name: &amp;apos;Windows 10&amp;apos;, os.arch: &amp;apos;amd64&amp;apos;, os.version: &amp;apos;10.0&amp;apos;, java.version: &amp;apos;19.0.1&amp;apos;
Driver info: org.openqa.selenium.chrome.ChromeDriver
Command: [094142f28143b4a59ae273644c6b6a63, clickElement {id=fa291364-3b70-4e18-bb15-5979433937d6}]
Capabilities {acceptInsecureCerts: false, browserName: chrome, browserVersion: 109.0.5414.120, chrome: {chromedriverVersion: 109.0.5414.74 (e7c5703604da..., userDataDir: C:\Users\DELL\AppData\Local...}, goog:chromeOptions: {debuggerAddress: localhost:60892}, networkConnectionEnabled: false, pageLoadStrategy: normal, platformName: WINDOWS, proxy: Proxy(), se:cdp: ws://localhost:60892/devtoo..., se:cdpVersion: 109.0.5414.120, setWindowRect: true, strictFileInteractability: false, timeouts: {implicit: 0, pageLoad: 300000, script: 30000}, unhandledPromptBehavior: dismiss and notify, webauthn:extension:credBlob: true, webauthn:extension:largeBlob: true, webauthn:virtualAuthenticators: true}
Element: [[ChromeDriver: chrome on WINDOWS (094142f28143b4a59ae273644c6b6a63)] -&amp;gt; id: 10002_sub_module_id]
Session ID: 094142f28143b4a59ae273644c6b6a63">
      <![CDATA[org.openqa.selenium.ElementClickInterceptedException: element click intercepted: Element <a class="sub_module" href="#" id="10002_sub_module_id" title="Process" onclick="SubModuleMenuClick(this)" sub_module_url="../Process/TournamentEnrollment">...</a> is not clickable at point (112, 202). Other element would receive the click: <div id="myModalLoadmenu" class="modal fade in" role="dialog" aria-hidden="true" style="display: block; padding-right: 17px;">...</div>
  (Session info: chrome=109.0.5414.120)
Build info: version: '4.6.0', revision: '79f1c02ae20'
System info: os.name: 'Windows 10', os.arch: 'amd64', os.version: '10.0', java.version: '19.0.1'
Driver info: org.openqa.selenium.chrome.ChromeDriver
Command: [094142f28143b4a59ae273644c6b6a63, clickElement {id=fa291364-3b70-4e18-bb15-5979433937d6}]
Capabilities {acceptInsecureCerts: false, browserName: chrome, browserVersion: 109.0.5414.120, chrome: {chromedriverVersion: 109.0.5414.74 (e7c5703604da..., userDataDir: C:\Users\DELL\AppData\Local...}, goog:chromeOptions: {debuggerAddress: localhost:60892}, networkConnectionEnabled: false, pageLoadStrategy: normal, platformName: WINDOWS, proxy: Proxy(), se:cdp: ws://localhost:60892/devtoo..., se:cdpVersion: 109.0.5414.120, setWindowRect: true, strictFileInteractability: false, timeouts: {implicit: 0, pageLoad: 300000, script: 30000}, unhandledPromptBehavior: dismiss and notify, webauthn:extension:credBlob: true, webauthn:extension:largeBlob: true, webauthn:virtualAuthenticators: true}
Element: [[ChromeDriver: chrome on WINDOWS (094142f28143b4a59ae273644c6b6a63)] -> id: 10002_sub_module_id]
Session ID: 094142f28143b4a59ae273644c6b6a63
at org.openqa.selenium.remote.codec.w3c.W3CHttpResponseCodec.createException(W3CHttpResponseCodec.java:200)
at org.openqa.selenium.remote.codec.w3c.W3CHttpResponseCodec.decode(W3CHttpResponseCodec.java:133)
at org.openqa.selenium.remote.codec.w3c.W3CHttpResponseCodec.decode(W3CHttpResponseCodec.java:53)
at org.openqa.selenium.remote.HttpCommandExecutor.execute(HttpCommandExecutor.java:184)
at org.openqa.selenium.remote.service.DriverCommandExecutor.invokeExecute(DriverCommandExecutor.java:167)
at org.openqa.selenium.remote.service.DriverCommandExecutor.execute(DriverCommandExecutor.java:142)
at org.openqa.selenium.remote.RemoteWebDriver.execute(RemoteWebDriver.java:541)
at org.openqa.selenium.remote.RemoteWebElement.execute(RemoteWebElement.java:257)
at org.openqa.selenium.remote.RemoteWebElement.click(RemoteWebElement.java:78)
at org.openqa.selenium.support.pagefactory.internal.LocatingElementHandler.invoke(LocatingElementHandler.java:52)
at jdk.proxy2/jdk.proxy2.$Proxy20.click(Unknown Source)
at utility.GeneralUtilities.clickElement(GeneralUtilities.java:27)
at clubLogin.TournamentEntryPage.clickOnTournamentEntry(TournamentEntryPage.java:148)
at clubExecutePageClass.TournamentEntryPageExecuteTestClass.toVerifyClubCanDoMixedDoublesDistrictLevelTournamentEnrolment(TournamentEntryPageExecuteTestClass.java:449)
at java.base/java.util.ArrayList.forEach(ArrayList.java:1511)
... Removed 30 stack frames]]>
    </failure>
  </testcase> <!-- toVerifyClubCanDoMixedDoublesDistrictLevelTournamentEnrolment -->
  <testcase classname="clubExecutePageClass.TournamentEntryPageExecuteTestClass" name="toVerifyClubCanDoNationalLevelMixedDoublesTournamentsEnrolment" time="0.0">
    <ignored/>
  </testcase> <!-- toVerifyClubCanDoNationalLevelMixedDoublesTournamentsEnrolment -->
  <testcase classname="clubExecutePageClass.TournamentEntryPageExecuteTestClass" name="toVerifyClubCanDoDistrictLevelSinglesTournamentsEnrolment" time="0.0">
    <ignored/>
  </testcase> <!-- toVerifyClubCanDoDistrictLevelSinglesTournamentsEnrolment -->
  <testcase classname="clubExecutePageClass.TournamentEntryPageExecuteTestClass" name="toVerifyClubCanDoDistrictLevelDoublesTournamentsEnrolment" time="0.0">
    <ignored/>
  </testcase> <!-- toVerifyClubCanDoDistrictLevelDoublesTournamentsEnrolment -->
  <testcase classname="clubExecutePageClass.TournamentEntryPageExecuteTestClass" name="toVerifyClubCanDoStateLevelDoublesTournamentsEnrolment" time="0.0">
    <ignored/>
  </testcase> <!-- toVerifyClubCanDoStateLevelDoublesTournamentsEnrolment -->
  <testcase classname="clubExecutePageClass.TournamentEntryPageExecuteTestClass" name="toVerifyStateLevelMixedDoublesTournamentsEnrolment" time="0.0">
    <ignored/>
  </testcase> <!-- toVerifyStateLevelMixedDoublesTournamentsEnrolment -->
  <testcase classname="clubExecutePageClass.TournamentEntryPageExecuteTestClass" name="toVerifyClubCanDoStateLevelDoublesPartnerOutsideClubTournamentsEnrolment" time="0.0">
    <ignored/>
  </testcase> <!-- toVerifyClubCanDoStateLevelDoublesPartnerOutsideClubTournamentsEnrolment -->
  <testcase classname="clubExecutePageClass.TournamentEntryPageExecuteTestClass" name="toVerifyStateLevelMixedDoublesOutsideClubEnrolment" time="0.0">
    <ignored/>
  </testcase> <!-- toVerifyStateLevelMixedDoublesOutsideClubEnrolment -->
  <testcase classname="clubExecutePageClass.TournamentEntryPageExecuteTestClass" name="toVerifyClubCanDoNationalLevelSinglesTournamentEnrolment" time="0.0">
    <ignored/>
  </testcase> <!-- toVerifyClubCanDoNationalLevelSinglesTournamentEnrolment -->
  <testcase classname="clubExecutePageClass.TournamentEntryPageExecuteTestClass" name="toVerifyClubCanDoStateLevelSinglesTournamentsEnrolment" time="0.0">
    <ignored/>
  </testcase> <!-- toVerifyClubCanDoStateLevelSinglesTournamentsEnrolment -->
  <testcase classname="clubExecutePageClass.TournamentEntryPageExecuteTestClass" name="toVerifyClubCanDoNationalLevelDoublesTournamentsEnrolment" time="0.0">
    <ignored/>
  </testcase> <!-- toVerifyClubCanDoNationalLevelDoublesTournamentsEnrolment -->
</testsuite> <!-- Club Login - District Level Mixed Doubles Tournament Entry -->
