<?xml version="1.0" encoding="UTF-8"?>
<!-- Generated by org.testng.reporters.JUnitXMLReporter -->
<testsuite ignored="16" hostname="DESKTOP-VKDEH0D" failures="0" tests="1" name="Club Login - State Level Single Tournament Entry" time="43.446" errors="0" timestamp="2023-01-30T16:14:04 IST">
  <testcase classname="clubExecutePageClass.TournamentEntryPageExecuteTestClass" name="toVerifyClubCanDoStateLevelSinglesTournamentsEnrolment" time="39.886"/>
  <testcase classname="clubExecutePageClass.TournamentEntryPageExecuteTestClass" name="toVerifyClubCanDoDistrictLevelSinglesTournamentsEnrolment" time="0.0">
    <ignored/>
  </testcase> <!-- toVerifyClubCanDoDistrictLevelSinglesTournamentsEnrolment -->
  <testcase classname="clubExecutePageClass.TournamentEntryPageExecuteTestClass" name="toVerifyClubCanDoMixedDoublesDistrictLevelTournamentpartnerWithinTheClubEnrolment" time="0.0">
    <ignored/>
  </testcase> <!-- toVerifyClubCanDoMixedDoublesDistrictLevelTournamentpartnerWithinTheClubEnrolment -->
  <testcase classname="clubExecutePageClass.TournamentEntryPageExecuteTestClass" name="toVerifyClubCanDoDistrictLevelDoublesTournamentsPartnerOutSideTheClubEnrolment" time="0.0">
    <ignored/>
  </testcase> <!-- toVerifyClubCanDoDistrictLevelDoublesTournamentsPartnerOutSideTheClubEnrolment -->
  <testcase classname="clubExecutePageClass.TournamentEntryPageExecuteTestClass" name="toVerifyClubCanDoStateLevelDoublesPartnerOutsideClubTournamentsEnrolment" time="0.0">
    <ignored/>
  </testcase> <!-- toVerifyClubCanDoStateLevelDoublesPartnerOutsideClubTournamentsEnrolment -->
  <testcase classname="clubExecutePageClass.TournamentEntryPageExecuteTestClass" name="toVerifyClubCanDoNationalLevelMixedDoublesTournamentsWithinTheClubEnrolment" time="0.0">
    <ignored/>
  </testcase> <!-- toVerifyClubCanDoNationalLevelMixedDoublesTournamentsWithinTheClubEnrolment -->
  <testcase classname="clubExecutePageClass.TournamentEntryPageExecuteTestClass" name="toVerifyClubCanDoNationalLevelSinglesTournamentEnrolment" time="0.0">
    <ignored/>
  </testcase> <!-- toVerifyClubCanDoNationalLevelSinglesTournamentEnrolment -->
  <testcase classname="clubExecutePageClass.TournamentEntryPageExecuteTestClass" name="toVerifyClubCanDoNationalLevelDoublesTournamentsOutSideTheKeralaEnrolment" time="0.0">
    <ignored/>
  </testcase> <!-- toVerifyClubCanDoNationalLevelDoublesTournamentsOutSideTheKeralaEnrolment -->
  <testcase classname="clubExecutePageClass.TournamentEntryPageExecuteTestClass" name="toVerifyOutSideClubStateLevelMixedDoublesOutsideClubEnrolment" time="0.0">
    <ignored/>
  </testcase> <!-- toVerifyOutSideClubStateLevelMixedDoublesOutsideClubEnrolment -->
  <testcase classname="clubExecutePageClass.TournamentEntryPageExecuteTestClass" name="toVerifyClubCanDoStateLevelDoublesTournamentsPartnerWithinTheClubEnrolment" time="0.0">
    <ignored/>
  </testcase> <!-- toVerifyClubCanDoStateLevelDoublesTournamentsPartnerWithinTheClubEnrolment -->
  <testcase classname="clubExecutePageClass.TournamentEntryPageExecuteTestClass" name="toVerifyStateLevelMixedDoublesWithinTheClubTournamentsEnrolment" time="0.0">
    <ignored/>
  </testcase> <!-- toVerifyStateLevelMixedDoublesWithinTheClubTournamentsEnrolment -->
  <testcase classname="clubExecutePageClass.TournamentEntryPageExecuteTestClass" name="toVerifyClubCanDoMixedDoublesDistrictLevelTournamentpartnerWithinTheClubPartnerOutSideTheClubEnrolment" time="0.0">
    <ignored/>
  </testcase> <!-- toVerifyClubCanDoMixedDoublesDistrictLevelTournamentpartnerWithinTheClubPartnerOutSideTheClubEnrolment -->
  <testcase classname="clubExecutePageClass.TournamentEntryPageExecuteTestClass" name="toVerifyClubCanDoDistrictLevelDoublesTournamentsPartnerWithinTheClubEnrolment" time="0.0">
    <ignored/>
  </testcase> <!-- toVerifyClubCanDoDistrictLevelDoublesTournamentsPartnerWithinTheClubEnrolment -->
  <testcase classname="clubExecutePageClass.TournamentEntryPageExecuteTestClass" name="toVerifyClubCanDoNationalLevelMixedDoublesTournamentsOutsideTheClubEnrolment" time="0.0">
    <ignored/>
  </testcase> <!-- toVerifyClubCanDoNationalLevelMixedDoublesTournamentsOutsideTheClubEnrolment -->
  <testcase classname="clubExecutePageClass.TournamentEntryPageExecuteTestClass" name="toVerifyClubCanDoNationalLevelDoublesTournamentsOutSideTheClubEnrolment" time="0.0">
    <ignored/>
  </testcase> <!-- toVerifyClubCanDoNationalLevelDoublesTournamentsOutSideTheClubEnrolment -->
  <testcase classname="clubExecutePageClass.TournamentEntryPageExecuteTestClass" name="toVerifyClubCanDoNationalLevelMixedDoublesTournamentsOutsideKeralaEnrolment" time="0.0">
    <ignored/>
  </testcase> <!-- toVerifyClubCanDoNationalLevelMixedDoublesTournamentsOutsideKeralaEnrolment -->
  <testcase classname="clubExecutePageClass.TournamentEntryPageExecuteTestClass" name="toVerifyClubCanDoNationalLevelDoublesTournamentsWithinTheClubEnrolment" time="0.0">
    <ignored/>
  </testcase> <!-- toVerifyClubCanDoNationalLevelDoublesTournamentsWithinTheClubEnrolment -->
</testsuite> <!-- Club Login - State Level Single Tournament Entry -->
