<?xml version="1.0" encoding="UTF-8"?>
<!-- Generated by org.testng.reporters.JUnitXMLReporter -->
<testsuite ignored="10" hostname="DESKTOP-VKDEH0D" failures="1" tests="1" name="Club Login - District Level Doubles Tournament Entry" time="51.603" errors="0" timestamp="2023-01-28T09:07:43 IST">
  <testcase classname="clubExecutePageClass.TournamentEntryPageExecuteTestClass" name="toVerifyClubCanDoDistrictLevelDoublesTournamentsEnrolment" time="47.254">
    <failure type="org.openqa.selenium.ElementNotInteractableException" message="element not interactable
  (Session info: chrome=109.0.5414.120)
Build info: version: &amp;apos;4.6.0&amp;apos;, revision: &amp;apos;79f1c02ae20&amp;apos;
System info: os.name: &amp;apos;Windows 10&amp;apos;, os.arch: &amp;apos;amd64&amp;apos;, os.version: &amp;apos;10.0&amp;apos;, java.version: &amp;apos;19.0.1&amp;apos;
Driver info: org.openqa.selenium.chrome.ChromeDriver
Command: [ddb9a4c98e54c06802bf1f40971c9695, clickElement {id=f981b6a1-4d9d-4817-bab9-8722b308ff3e}]
Capabilities {acceptInsecureCerts: false, browserName: chrome, browserVersion: 109.0.5414.120, chrome: {chromedriverVersion: 109.0.5414.74 (e7c5703604da..., userDataDir: C:\Users\DELL\AppData\Local...}, goog:chromeOptions: {debuggerAddress: localhost:60790}, networkConnectionEnabled: false, pageLoadStrategy: normal, platformName: WINDOWS, proxy: Proxy(), se:cdp: ws://localhost:60790/devtoo..., se:cdpVersion: 109.0.5414.120, setWindowRect: true, strictFileInteractability: false, timeouts: {implicit: 0, pageLoad: 300000, script: 30000}, unhandledPromptBehavior: dismiss and notify, webauthn:extension:credBlob: true, webauthn:extension:largeBlob: true, webauthn:virtualAuthenticators: true}
Element: [[ChromeDriver: chrome on WINDOWS (ddb9a4c98e54c06802bf1f40971c9695)] -&amp;gt; xpath: //div[@id=&amp;apos;district&amp;apos;]]
Session ID: ddb9a4c98e54c06802bf1f40971c9695">
      <![CDATA[org.openqa.selenium.ElementNotInteractableException: element not interactable
  (Session info: chrome=109.0.5414.120)
Build info: version: '4.6.0', revision: '79f1c02ae20'
System info: os.name: 'Windows 10', os.arch: 'amd64', os.version: '10.0', java.version: '19.0.1'
Driver info: org.openqa.selenium.chrome.ChromeDriver
Command: [ddb9a4c98e54c06802bf1f40971c9695, clickElement {id=f981b6a1-4d9d-4817-bab9-8722b308ff3e}]
Capabilities {acceptInsecureCerts: false, browserName: chrome, browserVersion: 109.0.5414.120, chrome: {chromedriverVersion: 109.0.5414.74 (e7c5703604da..., userDataDir: C:\Users\DELL\AppData\Local...}, goog:chromeOptions: {debuggerAddress: localhost:60790}, networkConnectionEnabled: false, pageLoadStrategy: normal, platformName: WINDOWS, proxy: Proxy(), se:cdp: ws://localhost:60790/devtoo..., se:cdpVersion: 109.0.5414.120, setWindowRect: true, strictFileInteractability: false, timeouts: {implicit: 0, pageLoad: 300000, script: 30000}, unhandledPromptBehavior: dismiss and notify, webauthn:extension:credBlob: true, webauthn:extension:largeBlob: true, webauthn:virtualAuthenticators: true}
Element: [[ChromeDriver: chrome on WINDOWS (ddb9a4c98e54c06802bf1f40971c9695)] -> xpath: //div[@id='district']]
Session ID: ddb9a4c98e54c06802bf1f40971c9695
at org.openqa.selenium.remote.codec.w3c.W3CHttpResponseCodec.createException(W3CHttpResponseCodec.java:200)
at org.openqa.selenium.remote.codec.w3c.W3CHttpResponseCodec.decode(W3CHttpResponseCodec.java:133)
at org.openqa.selenium.remote.codec.w3c.W3CHttpResponseCodec.decode(W3CHttpResponseCodec.java:53)
at org.openqa.selenium.remote.HttpCommandExecutor.execute(HttpCommandExecutor.java:184)
at org.openqa.selenium.remote.service.DriverCommandExecutor.invokeExecute(DriverCommandExecutor.java:167)
at org.openqa.selenium.remote.service.DriverCommandExecutor.execute(DriverCommandExecutor.java:142)
at org.openqa.selenium.remote.RemoteWebDriver.execute(RemoteWebDriver.java:541)
at org.openqa.selenium.remote.RemoteWebElement.execute(RemoteWebElement.java:257)
at org.openqa.selenium.remote.RemoteWebElement.click(RemoteWebElement.java:78)
at org.openqa.selenium.support.pagefactory.internal.LocatingElementHandler.invoke(LocatingElementHandler.java:52)
at jdk.proxy2/jdk.proxy2.$Proxy20.click(Unknown Source)
at utility.GeneralUtilities.clickElement(GeneralUtilities.java:27)
at clubLogin.TournamentEntryPage.clickOnDistrictLevel(TournamentEntryPage.java:279)
at clubExecutePageClass.TournamentEntryPageExecuteTestClass.toVerifyClubCanDoDistrictLevelDoublesTournamentsEnrolment(TournamentEntryPageExecuteTestClass.java:392)
at java.base/java.util.ArrayList.forEach(ArrayList.java:1511)
... Removed 30 stack frames]]>
    </failure>
  </testcase> <!-- toVerifyClubCanDoDistrictLevelDoublesTournamentsEnrolment -->
  <testcase classname="clubExecutePageClass.TournamentEntryPageExecuteTestClass" name="toVerifyClubCanDoNationalLevelMixedDoublesTournamentsEnrolment" time="0.0">
    <ignored/>
  </testcase> <!-- toVerifyClubCanDoNationalLevelMixedDoublesTournamentsEnrolment -->
  <testcase classname="clubExecutePageClass.TournamentEntryPageExecuteTestClass" name="toVerifyClubCanDoDistrictLevelSinglesTournamentsEnrolment" time="0.0">
    <ignored/>
  </testcase> <!-- toVerifyClubCanDoDistrictLevelSinglesTournamentsEnrolment -->
  <testcase classname="clubExecutePageClass.TournamentEntryPageExecuteTestClass" name="toVerifyClubCanDoMixedDoublesDistrictLevelTournamentEnrolment" time="0.0">
    <ignored/>
  </testcase> <!-- toVerifyClubCanDoMixedDoublesDistrictLevelTournamentEnrolment -->
  <testcase classname="clubExecutePageClass.TournamentEntryPageExecuteTestClass" name="toVerifyClubCanDoStateLevelDoublesTournamentsEnrolment" time="0.0">
    <ignored/>
  </testcase> <!-- toVerifyClubCanDoStateLevelDoublesTournamentsEnrolment -->
  <testcase classname="clubExecutePageClass.TournamentEntryPageExecuteTestClass" name="toVerifyStateLevelMixedDoublesTournamentsEnrolment" time="0.0">
    <ignored/>
  </testcase> <!-- toVerifyStateLevelMixedDoublesTournamentsEnrolment -->
  <testcase classname="clubExecutePageClass.TournamentEntryPageExecuteTestClass" name="toVerifyClubCanDoStateLevelDoublesPartnerOutsideClubTournamentsEnrolment" time="0.0">
    <ignored/>
  </testcase> <!-- toVerifyClubCanDoStateLevelDoublesPartnerOutsideClubTournamentsEnrolment -->
  <testcase classname="clubExecutePageClass.TournamentEntryPageExecuteTestClass" name="toVerifyStateLevelMixedDoublesOutsideClubEnrolment" time="0.0">
    <ignored/>
  </testcase> <!-- toVerifyStateLevelMixedDoublesOutsideClubEnrolment -->
  <testcase classname="clubExecutePageClass.TournamentEntryPageExecuteTestClass" name="toVerifyClubCanDoNationalLevelSinglesTournamentEnrolment" time="0.0">
    <ignored/>
  </testcase> <!-- toVerifyClubCanDoNationalLevelSinglesTournamentEnrolment -->
  <testcase classname="clubExecutePageClass.TournamentEntryPageExecuteTestClass" name="toVerifyClubCanDoStateLevelSinglesTournamentsEnrolment" time="0.0">
    <ignored/>
  </testcase> <!-- toVerifyClubCanDoStateLevelSinglesTournamentsEnrolment -->
  <testcase classname="clubExecutePageClass.TournamentEntryPageExecuteTestClass" name="toVerifyClubCanDoNationalLevelDoublesTournamentsEnrolment" time="0.0">
    <ignored/>
  </testcase> <!-- toVerifyClubCanDoNationalLevelDoublesTournamentsEnrolment -->
</testsuite> <!-- Club Login - District Level Doubles Tournament Entry -->
