<?xml version="1.0" encoding="UTF-8"?>
<!-- Generated by org.testng.reporters.JUnitXMLReporter -->
<testsuite ignored="2" hostname="DESKTOP-VKDEH0D" failures="0" tests="2" name="Club -State Secretary Approval" time="57.26" errors="0" timestamp="2023-01-31T10:50:04 IST">
  <testcase classname="homePageExecutePageClass.ClubSelfRegistrationExecuteTestClass" name="clubRegistrationForSateSecretaryApproval" time="24.164"/>
  <testcase classname="stateSecretaryExecutePageClass.ClubApprovalExecuteTestClass" name="verifySelfRegisteredClubApproval" time="24.932"/>
  <testcase classname="homePageExecutePageClass.ClubSelfRegistrationExecuteTestClass" name="verifyWithClubCanDoSelfRegistration" time="0.0">
    <ignored/>
  </testcase> <!-- verifyWithClubCanDoSelfRegistration -->
  <testcase classname="baseClass.BaseClas" name="@BeforeSuite createReport" time="0.0">
    <ignored/>
  </testcase> <!-- @BeforeSuite createReport -->
</testsuite> <!-- Club -State Secretary Approval -->
