<?xml version="1.0" encoding="UTF-8"?>
<!-- Generated by org.testng.reporters.JUnitXMLReporter -->
<testsuite ignored="0" hostname="DESKTOP-VKDEH0D" failures="0" tests="3" name="District Secretary Club Master" time="85.982" errors="0" timestamp="2023-01-31T10:51:30 IST">
  <testcase classname="districtSecretaryExecutePageClass.ClubMasterPageExecuteTestClass" name="verifyClubRegistration" time="18.451"/>
  <testcase classname="districtSecretaryExecutePageClass.ClubMasterPageExecuteTestClass" name="verifyEditClubRegistration" time="29.65"/>
  <testcase classname="districtSecretaryExecutePageClass.ClubMasterPageExecuteTestClass" name="verifyDeleteClubRegistration" time="18.446"/>
</testsuite> <!-- District Secretary Club Master -->
