<?xml version="1.0" encoding="UTF-8"?>
<!-- Generated by org.testng.reporters.JUnitXMLReporter -->
<testsuite ignored="9" hostname="DESKTOP-VKDEH0D" failures="0" tests="1" name="District Secretary - State Level Doubles Tournament Approval Partner within the club" time="36.006" errors="0" timestamp="2023-01-30T16:15:55 IST">
  <testcase classname="districtSecretaryExecutePageClass.TournamentApprovalPageExecuteTestClass" name="toVerifyWithinTheClubDoublesStateLevelTournamentApprovalThatEnrollByAClub" time="32.237"/>
  <testcase classname="districtSecretaryExecutePageClass.TournamentApprovalPageExecuteTestClass" name="toVerifySingelsStateLevelTournamentApprovalThatEnrollByAClub" time="0.0">
    <ignored/>
  </testcase> <!-- toVerifySingelsStateLevelTournamentApprovalThatEnrollByAClub -->
  <testcase classname="districtSecretaryExecutePageClass.TournamentApprovalPageExecuteTestClass" name="toVerifyPartnerOutsideTheClubDoublesDistrictLevelTournamentApprovalThatEnrollByAClub" time="0.0">
    <ignored/>
  </testcase> <!-- toVerifyPartnerOutsideTheClubDoublesDistrictLevelTournamentApprovalThatEnrollByAClub -->
  <testcase classname="districtSecretaryExecutePageClass.TournamentApprovalPageExecuteTestClass" name="toVerifyPartnerwithinTheClubMixedDoublesDistrictLevelTournamentApprovalThatEnrollByAClub" time="0.0">
    <ignored/>
  </testcase> <!-- toVerifyPartnerwithinTheClubMixedDoublesDistrictLevelTournamentApprovalThatEnrollByAClub -->
  <testcase classname="districtSecretaryExecutePageClass.TournamentApprovalPageExecuteTestClass" name="toVerifyPartnerOutsideDoublesClubStateLevelApprovalThatEnrollByAClub" time="0.0">
    <ignored/>
  </testcase> <!-- toVerifyPartnerOutsideDoublesClubStateLevelApprovalThatEnrollByAClub -->
  <testcase classname="districtSecretaryExecutePageClass.TournamentApprovalPageExecuteTestClass" name="toVerifywithinTheClubMixedDoublesStateLevelTournamentApprovalThatEnrollByAClub" time="0.0">
    <ignored/>
  </testcase> <!-- toVerifywithinTheClubMixedDoublesStateLevelTournamentApprovalThatEnrollByAClub -->
  <testcase classname="districtSecretaryExecutePageClass.TournamentApprovalPageExecuteTestClass" name="toVerifySingelsDistrictLevelTournamentApprovalThatEnrollByAClub" time="0.0">
    <ignored/>
  </testcase> <!-- toVerifySingelsDistrictLevelTournamentApprovalThatEnrollByAClub -->
  <testcase classname="districtSecretaryExecutePageClass.TournamentApprovalPageExecuteTestClass" name="toVerifyOutSideTheClubMixedDoublesStateLevelTournamentApprovalThatEnrollByAClub" time="0.0">
    <ignored/>
  </testcase> <!-- toVerifyOutSideTheClubMixedDoublesStateLevelTournamentApprovalThatEnrollByAClub -->
  <testcase classname="districtSecretaryExecutePageClass.TournamentApprovalPageExecuteTestClass" name="toVerifyPartnerOutsideTheClubMixedDoublesDistrictLevelTournamentApprovalThatEnrollByAClub" time="0.0">
    <ignored/>
  </testcase> <!-- toVerifyPartnerOutsideTheClubMixedDoublesDistrictLevelTournamentApprovalThatEnrollByAClub -->
  <testcase classname="districtSecretaryExecutePageClass.TournamentApprovalPageExecuteTestClass" name="toVerifyPartnerwithinTheClubDoublesDistrictLevelTournamentApprovalThatEnrollByAClub" time="0.0">
    <ignored/>
  </testcase> <!-- toVerifyPartnerwithinTheClubDoublesDistrictLevelTournamentApprovalThatEnrollByAClub -->
</testsuite> <!-- District Secretary - State Level Doubles Tournament Approval Partner within the club -->
