<?xml version="1.0" encoding="UTF-8"?>
<!-- Generated by org.testng.reporters.JUnitXMLReporter -->
<testsuite ignored="9" hostname="DESKTOP-VKDEH0D" failures="0" tests="1" name="District Secretary - State Level Single Tournament Approval" time="28.876" errors="0" timestamp="2023-01-30T16:14:33 IST">
  <testcase classname="districtSecretaryExecutePageClass.TournamentApprovalPageExecuteTestClass" name="toVerifySingelsStateLevelTournamentApprovalThatEnrollByAClub" time="25.146"/>
  <testcase classname="districtSecretaryExecutePageClass.TournamentApprovalPageExecuteTestClass" name="toVerifyPartnerOutsideTheClubDoublesDistrictLevelTournamentApprovalThatEnrollByAClub" time="0.0">
    <ignored/>
  </testcase> <!-- toVerifyPartnerOutsideTheClubDoublesDistrictLevelTournamentApprovalThatEnrollByAClub -->
  <testcase classname="districtSecretaryExecutePageClass.TournamentApprovalPageExecuteTestClass" name="toVerifyPartnerwithinTheClubMixedDoublesDistrictLevelTournamentApprovalThatEnrollByAClub" time="0.0">
    <ignored/>
  </testcase> <!-- toVerifyPartnerwithinTheClubMixedDoublesDistrictLevelTournamentApprovalThatEnrollByAClub -->
  <testcase classname="districtSecretaryExecutePageClass.TournamentApprovalPageExecuteTestClass" name="toVerifyPartnerOutsideDoublesClubStateLevelApprovalThatEnrollByAClub" time="0.0">
    <ignored/>
  </testcase> <!-- toVerifyPartnerOutsideDoublesClubStateLevelApprovalThatEnrollByAClub -->
  <testcase classname="districtSecretaryExecutePageClass.TournamentApprovalPageExecuteTestClass" name="toVerifywithinTheClubMixedDoublesStateLevelTournamentApprovalThatEnrollByAClub" time="0.0">
    <ignored/>
  </testcase> <!-- toVerifywithinTheClubMixedDoublesStateLevelTournamentApprovalThatEnrollByAClub -->
  <testcase classname="districtSecretaryExecutePageClass.TournamentApprovalPageExecuteTestClass" name="toVerifySingelsDistrictLevelTournamentApprovalThatEnrollByAClub" time="0.0">
    <ignored/>
  </testcase> <!-- toVerifySingelsDistrictLevelTournamentApprovalThatEnrollByAClub -->
  <testcase classname="districtSecretaryExecutePageClass.TournamentApprovalPageExecuteTestClass" name="toVerifyWithinTheClubDoublesStateLevelTournamentApprovalThatEnrollByAClub" time="0.0">
    <ignored/>
  </testcase> <!-- toVerifyWithinTheClubDoublesStateLevelTournamentApprovalThatEnrollByAClub -->
  <testcase classname="districtSecretaryExecutePageClass.TournamentApprovalPageExecuteTestClass" name="toVerifyOutSideTheClubMixedDoublesStateLevelTournamentApprovalThatEnrollByAClub" time="0.0">
    <ignored/>
  </testcase> <!-- toVerifyOutSideTheClubMixedDoublesStateLevelTournamentApprovalThatEnrollByAClub -->
  <testcase classname="districtSecretaryExecutePageClass.TournamentApprovalPageExecuteTestClass" name="toVerifyPartnerOutsideTheClubMixedDoublesDistrictLevelTournamentApprovalThatEnrollByAClub" time="0.0">
    <ignored/>
  </testcase> <!-- toVerifyPartnerOutsideTheClubMixedDoublesDistrictLevelTournamentApprovalThatEnrollByAClub -->
  <testcase classname="districtSecretaryExecutePageClass.TournamentApprovalPageExecuteTestClass" name="toVerifyPartnerwithinTheClubDoublesDistrictLevelTournamentApprovalThatEnrollByAClub" time="0.0">
    <ignored/>
  </testcase> <!-- toVerifyPartnerwithinTheClubDoublesDistrictLevelTournamentApprovalThatEnrollByAClub -->
</testsuite> <!-- District Secretary - State Level Single Tournament Approval -->
