<?xml version="1.0" encoding="UTF-8"?>
<!-- Generated by org.testng.reporters.JUnitXMLReporter -->
<testsuite ignored="6" hostname="DESKTOP-VKDEH0D" failures="1" tests="1" name="District Secretary - District Level Doubles Tournament Approval" time="21.969" errors="0" timestamp="2023-01-28T09:08:05 IST">
  <testcase classname="districtSecretaryExecutePageClass.TournamentApprovalPageExecuteTestClass" name="toVerifyDoublesDistrictLevelTournamentApprovalThatEnrollByAClub" time="17.193">
    <failure type="org.openqa.selenium.ElementClickInterceptedException" message="element click intercepted: Element &amp;lt;iframe src=&amp;quot;../Process/TournamentApproval&amp;quot; id=&amp;quot;framecontent&amp;quot; style=&amp;quot;width: 100%; height: 559px;&amp;quot; frameborder=&amp;quot;0&amp;quot; cd_frame_id_=&amp;quot;c51000886896aebe25df0602d8873bc9&amp;quot;&amp;gt;&amp;lt;/iframe&amp;gt; is not clickable at point (252, 326). Other element would receive the click: &amp;lt;div id=&amp;quot;myModalLoadmenu&amp;quot; class=&amp;quot;modal fade in&amp;quot; role=&amp;quot;dialog&amp;quot; aria-hidden=&amp;quot;true&amp;quot; style=&amp;quot;display: block; padding-right: 17px;&amp;quot;&amp;gt;...&amp;lt;/div&amp;gt;
  (Session info: chrome=109.0.5414.120)
Build info: version: &amp;apos;4.6.0&amp;apos;, revision: &amp;apos;79f1c02ae20&amp;apos;
System info: os.name: &amp;apos;Windows 10&amp;apos;, os.arch: &amp;apos;amd64&amp;apos;, os.version: &amp;apos;10.0&amp;apos;, java.version: &amp;apos;19.0.1&amp;apos;
Driver info: org.openqa.selenium.chrome.ChromeDriver
Command: [06b00a71422a52cdf7a52de988a56957, clickElement {id=c5e46d68-acfd-4728-b6dd-c94c4e0f54fc}]
Capabilities {acceptInsecureCerts: false, browserName: chrome, browserVersion: 109.0.5414.120, chrome: {chromedriverVersion: 109.0.5414.74 (e7c5703604da..., userDataDir: C:\Users\DELL\AppData\Local...}, goog:chromeOptions: {debuggerAddress: localhost:60840}, networkConnectionEnabled: false, pageLoadStrategy: normal, platformName: WINDOWS, proxy: Proxy(), se:cdp: ws://localhost:60840/devtoo..., se:cdpVersion: 109.0.5414.120, setWindowRect: true, strictFileInteractability: false, timeouts: {implicit: 0, pageLoad: 300000, script: 30000}, unhandledPromptBehavior: dismiss and notify, webauthn:extension:credBlob: true, webauthn:extension:largeBlob: true, webauthn:virtualAuthenticators: true}
Element: [[ChromeDriver: chrome on WINDOWS (06b00a71422a52cdf7a52de988a56957)] -&amp;gt; xpath: //table[@id=&amp;apos;tbltournamentapprovallist&amp;apos;]//tbody//tr[2]//td[1]]
Session ID: 06b00a71422a52cdf7a52de988a56957">
      <![CDATA[org.openqa.selenium.ElementClickInterceptedException: element click intercepted: Element <iframe src="../Process/TournamentApproval" id="framecontent" style="width: 100%; height: 559px;" frameborder="0" cd_frame_id_="c51000886896aebe25df0602d8873bc9"></iframe> is not clickable at point (252, 326). Other element would receive the click: <div id="myModalLoadmenu" class="modal fade in" role="dialog" aria-hidden="true" style="display: block; padding-right: 17px;">...</div>
  (Session info: chrome=109.0.5414.120)
Build info: version: '4.6.0', revision: '79f1c02ae20'
System info: os.name: 'Windows 10', os.arch: 'amd64', os.version: '10.0', java.version: '19.0.1'
Driver info: org.openqa.selenium.chrome.ChromeDriver
Command: [06b00a71422a52cdf7a52de988a56957, clickElement {id=c5e46d68-acfd-4728-b6dd-c94c4e0f54fc}]
Capabilities {acceptInsecureCerts: false, browserName: chrome, browserVersion: 109.0.5414.120, chrome: {chromedriverVersion: 109.0.5414.74 (e7c5703604da..., userDataDir: C:\Users\DELL\AppData\Local...}, goog:chromeOptions: {debuggerAddress: localhost:60840}, networkConnectionEnabled: false, pageLoadStrategy: normal, platformName: WINDOWS, proxy: Proxy(), se:cdp: ws://localhost:60840/devtoo..., se:cdpVersion: 109.0.5414.120, setWindowRect: true, strictFileInteractability: false, timeouts: {implicit: 0, pageLoad: 300000, script: 30000}, unhandledPromptBehavior: dismiss and notify, webauthn:extension:credBlob: true, webauthn:extension:largeBlob: true, webauthn:virtualAuthenticators: true}
Element: [[ChromeDriver: chrome on WINDOWS (06b00a71422a52cdf7a52de988a56957)] -> xpath: //table[@id='tbltournamentapprovallist']//tbody//tr[2]//td[1]]
Session ID: 06b00a71422a52cdf7a52de988a56957
at org.openqa.selenium.remote.codec.w3c.W3CHttpResponseCodec.createException(W3CHttpResponseCodec.java:200)
at org.openqa.selenium.remote.codec.w3c.W3CHttpResponseCodec.decode(W3CHttpResponseCodec.java:133)
at org.openqa.selenium.remote.codec.w3c.W3CHttpResponseCodec.decode(W3CHttpResponseCodec.java:53)
at org.openqa.selenium.remote.HttpCommandExecutor.execute(HttpCommandExecutor.java:184)
at org.openqa.selenium.remote.service.DriverCommandExecutor.invokeExecute(DriverCommandExecutor.java:167)
at org.openqa.selenium.remote.service.DriverCommandExecutor.execute(DriverCommandExecutor.java:142)
at org.openqa.selenium.remote.RemoteWebDriver.execute(RemoteWebDriver.java:541)
at org.openqa.selenium.remote.RemoteWebElement.execute(RemoteWebElement.java:257)
at org.openqa.selenium.remote.RemoteWebElement.click(RemoteWebElement.java:78)
at org.openqa.selenium.support.pagefactory.internal.LocatingElementHandler.invoke(LocatingElementHandler.java:52)
at jdk.proxy2/jdk.proxy2.$Proxy20.click(Unknown Source)
at utility.GeneralUtilities.clickElement(GeneralUtilities.java:27)
at districtSecretaryLogin.TournamentApprovalPage.clickOnCheckBox(TournamentApprovalPage.java:107)
at districtSecretaryExecutePageClass.TournamentApprovalPageExecuteTestClass.toVerifyDoublesDistrictLevelTournamentApprovalThatEnrollByAClub(TournamentApprovalPageExecuteTestClass.java:274)
at java.base/java.util.ArrayList.forEach(ArrayList.java:1511)
... Removed 30 stack frames]]>
    </failure>
  </testcase> <!-- toVerifyDoublesDistrictLevelTournamentApprovalThatEnrollByAClub -->
  <testcase classname="districtSecretaryExecutePageClass.TournamentApprovalPageExecuteTestClass" name="toVerifySingelsStateLevelTournamentApprovalThatEnrollByAClub" time="0.0">
    <ignored/>
  </testcase> <!-- toVerifySingelsStateLevelTournamentApprovalThatEnrollByAClub -->
  <testcase classname="districtSecretaryExecutePageClass.TournamentApprovalPageExecuteTestClass" name="toVerifyMixedDoublesDistrictLevelTournamentApprovalThatEnrollByAClub" time="0.0">
    <ignored/>
  </testcase> <!-- toVerifyMixedDoublesDistrictLevelTournamentApprovalThatEnrollByAClub -->
  <testcase classname="districtSecretaryExecutePageClass.TournamentApprovalPageExecuteTestClass" name="toVerifyMixedDoublesStateLevelTournamentApprovalThatEnrollByAClub" time="0.0">
    <ignored/>
  </testcase> <!-- toVerifyMixedDoublesStateLevelTournamentApprovalThatEnrollByAClub -->
  <testcase classname="districtSecretaryExecutePageClass.TournamentApprovalPageExecuteTestClass" name="toVerifyDoublesStateLevelTournamentApprovalThatEnrollByAClub" time="0.0">
    <ignored/>
  </testcase> <!-- toVerifyDoublesStateLevelTournamentApprovalThatEnrollByAClub -->
  <testcase classname="districtSecretaryExecutePageClass.TournamentApprovalPageExecuteTestClass" name="toVerifySingelsDistrictLevelTournamentApprovalThatEnrollByAClub" time="0.0">
    <ignored/>
  </testcase> <!-- toVerifySingelsDistrictLevelTournamentApprovalThatEnrollByAClub -->
  <testcase classname="districtSecretaryExecutePageClass.TournamentApprovalPageExecuteTestClass" name="toVerifyDoublesPartnerOutsideClubStateLevelApprovalThatEnrollByAClub" time="0.0">
    <ignored/>
  </testcase> <!-- toVerifyDoublesPartnerOutsideClubStateLevelApprovalThatEnrollByAClub -->
</testsuite> <!-- District Secretary - District Level Doubles Tournament Approval -->
