<?xml version="1.0" encoding="UTF-8"?>
<!-- Generated by org.testng.reporters.JUnitXMLReporter -->
<testsuite ignored="6" hostname="DESKTOP-VKDEH0D" failures="1" tests="1" name="District Secretary - State Level Mixed Doubles Tournament Approval" time="54.437" errors="0" timestamp="2023-01-28T09:05:37 IST">
  <testcase classname="districtSecretaryExecutePageClass.TournamentApprovalPageExecuteTestClass" name="toVerifyMixedDoublesStateLevelTournamentApprovalThatEnrollByAClub" time="50.142">
    <failure type="org.openqa.selenium.NoSuchElementException" message="no such element: Unable to locate element: {&amp;quot;method&amp;quot;:&amp;quot;xpath&amp;quot;,&amp;quot;selector&amp;quot;:&amp;quot;//table[@id=&amp;apos;tbltournamentapprovallist&amp;apos;]//tbody//tr[2]//td[1]&amp;quot;}
  (Session info: chrome=109.0.5414.120)
For documentation on this error, please visit: https://selenium.dev/exceptions/#no_such_element
Build info: version: &amp;apos;4.6.0&amp;apos;, revision: &amp;apos;79f1c02ae20&amp;apos;
System info: os.name: &amp;apos;Windows 10&amp;apos;, os.arch: &amp;apos;amd64&amp;apos;, os.version: &amp;apos;10.0&amp;apos;, java.version: &amp;apos;19.0.1&amp;apos;
Driver info: org.openqa.selenium.chrome.ChromeDriver
Command: [736389a3f86eaa198b2c2e58de191482, findElement {using=xpath, value=//table[@id=&amp;apos;tbltournamentapprovallist&amp;apos;]//tbody//tr[2]//td[1]}]
Capabilities {acceptInsecureCerts: false, browserName: chrome, browserVersion: 109.0.5414.120, chrome: {chromedriverVersion: 109.0.5414.74 (e7c5703604da..., userDataDir: C:\Users\DELL\AppData\Local...}, goog:chromeOptions: {debuggerAddress: localhost:60628}, networkConnectionEnabled: false, pageLoadStrategy: normal, platformName: WINDOWS, proxy: Proxy(), se:cdp: ws://localhost:60628/devtoo..., se:cdpVersion: 109.0.5414.120, setWindowRect: true, strictFileInteractability: false, timeouts: {implicit: 0, pageLoad: 300000, script: 30000}, unhandledPromptBehavior: dismiss and notify, webauthn:extension:credBlob: true, webauthn:extension:largeBlob: true, webauthn:virtualAuthenticators: true}
Session ID: 736389a3f86eaa198b2c2e58de191482">
      <![CDATA[org.openqa.selenium.NoSuchElementException: no such element: Unable to locate element: {"method":"xpath","selector":"//table[@id='tbltournamentapprovallist']//tbody//tr[2]//td[1]"}
  (Session info: chrome=109.0.5414.120)
For documentation on this error, please visit: https://selenium.dev/exceptions/#no_such_element
Build info: version: '4.6.0', revision: '79f1c02ae20'
System info: os.name: 'Windows 10', os.arch: 'amd64', os.version: '10.0', java.version: '19.0.1'
Driver info: org.openqa.selenium.chrome.ChromeDriver
Command: [736389a3f86eaa198b2c2e58de191482, findElement {using=xpath, value=//table[@id='tbltournamentapprovallist']//tbody//tr[2]//td[1]}]
Capabilities {acceptInsecureCerts: false, browserName: chrome, browserVersion: 109.0.5414.120, chrome: {chromedriverVersion: 109.0.5414.74 (e7c5703604da..., userDataDir: C:\Users\DELL\AppData\Local...}, goog:chromeOptions: {debuggerAddress: localhost:60628}, networkConnectionEnabled: false, pageLoadStrategy: normal, platformName: WINDOWS, proxy: Proxy(), se:cdp: ws://localhost:60628/devtoo..., se:cdpVersion: 109.0.5414.120, setWindowRect: true, strictFileInteractability: false, timeouts: {implicit: 0, pageLoad: 300000, script: 30000}, unhandledPromptBehavior: dismiss and notify, webauthn:extension:credBlob: true, webauthn:extension:largeBlob: true, webauthn:virtualAuthenticators: true}
Session ID: 736389a3f86eaa198b2c2e58de191482
at org.openqa.selenium.remote.codec.w3c.W3CHttpResponseCodec.createException(W3CHttpResponseCodec.java:200)
at org.openqa.selenium.remote.codec.w3c.W3CHttpResponseCodec.decode(W3CHttpResponseCodec.java:133)
at org.openqa.selenium.remote.codec.w3c.W3CHttpResponseCodec.decode(W3CHttpResponseCodec.java:53)
at org.openqa.selenium.remote.HttpCommandExecutor.execute(HttpCommandExecutor.java:184)
at org.openqa.selenium.remote.service.DriverCommandExecutor.invokeExecute(DriverCommandExecutor.java:167)
at org.openqa.selenium.remote.service.DriverCommandExecutor.execute(DriverCommandExecutor.java:142)
at org.openqa.selenium.remote.RemoteWebDriver.execute(RemoteWebDriver.java:541)
at org.openqa.selenium.remote.ElementLocation$ElementFinder$2.findElement(ElementLocation.java:162)
at org.openqa.selenium.remote.ElementLocation.findElement(ElementLocation.java:60)
at org.openqa.selenium.remote.RemoteWebDriver.findElement(RemoteWebDriver.java:365)
at org.openqa.selenium.remote.RemoteWebDriver.findElement(RemoteWebDriver.java:357)
at org.openqa.selenium.support.pagefactory.DefaultElementLocator.findElement(DefaultElementLocator.java:70)
at org.openqa.selenium.support.pagefactory.internal.LocatingElementHandler.invoke(LocatingElementHandler.java:39)
at jdk.proxy2/jdk.proxy2.$Proxy20.click(Unknown Source)
at utility.GeneralUtilities.clickElement(GeneralUtilities.java:27)
at districtSecretaryLogin.TournamentApprovalPage.clickOnCheckBox(TournamentApprovalPage.java:107)
at districtSecretaryExecutePageClass.TournamentApprovalPageExecuteTestClass.toVerifyMixedDoublesStateLevelTournamentApprovalThatEnrollByAClub(TournamentApprovalPageExecuteTestClass.java:186)
at java.base/java.util.ArrayList.forEach(ArrayList.java:1511)
... Removed 28 stack frames]]>
    </failure>
  </testcase> <!-- toVerifyMixedDoublesStateLevelTournamentApprovalThatEnrollByAClub -->
  <testcase classname="districtSecretaryExecutePageClass.TournamentApprovalPageExecuteTestClass" name="toVerifySingelsStateLevelTournamentApprovalThatEnrollByAClub" time="0.0">
    <ignored/>
  </testcase> <!-- toVerifySingelsStateLevelTournamentApprovalThatEnrollByAClub -->
  <testcase classname="districtSecretaryExecutePageClass.TournamentApprovalPageExecuteTestClass" name="toVerifyMixedDoublesDistrictLevelTournamentApprovalThatEnrollByAClub" time="0.0">
    <ignored/>
  </testcase> <!-- toVerifyMixedDoublesDistrictLevelTournamentApprovalThatEnrollByAClub -->
  <testcase classname="districtSecretaryExecutePageClass.TournamentApprovalPageExecuteTestClass" name="toVerifyDoublesStateLevelTournamentApprovalThatEnrollByAClub" time="0.0">
    <ignored/>
  </testcase> <!-- toVerifyDoublesStateLevelTournamentApprovalThatEnrollByAClub -->
  <testcase classname="districtSecretaryExecutePageClass.TournamentApprovalPageExecuteTestClass" name="toVerifySingelsDistrictLevelTournamentApprovalThatEnrollByAClub" time="0.0">
    <ignored/>
  </testcase> <!-- toVerifySingelsDistrictLevelTournamentApprovalThatEnrollByAClub -->
  <testcase classname="districtSecretaryExecutePageClass.TournamentApprovalPageExecuteTestClass" name="toVerifyDoublesDistrictLevelTournamentApprovalThatEnrollByAClub" time="0.0">
    <ignored/>
  </testcase> <!-- toVerifyDoublesDistrictLevelTournamentApprovalThatEnrollByAClub -->
  <testcase classname="districtSecretaryExecutePageClass.TournamentApprovalPageExecuteTestClass" name="toVerifyDoublesPartnerOutsideClubStateLevelApprovalThatEnrollByAClub" time="0.0">
    <ignored/>
  </testcase> <!-- toVerifyDoublesPartnerOutsideClubStateLevelApprovalThatEnrollByAClub -->
</testsuite> <!-- District Secretary - State Level Mixed Doubles Tournament Approval -->
