<?xml version="1.0" encoding="UTF-8"?>
<!-- Generated by org.testng.reporters.JUnitXMLReporter -->
<testsuite ignored="6" hostname="DESKTOP-VKDEH0D" failures="0" tests="1" name="District Secretary - State Level Doubles Tournament Approval" time="37.207" errors="0" timestamp="2023-01-28T09:03:46 IST">
  <testcase classname="districtSecretaryExecutePageClass.TournamentApprovalPageExecuteTestClass" name="toVerifyDoublesStateLevelTournamentApprovalThatEnrollByAClub" time="33.106"/>
  <testcase classname="districtSecretaryExecutePageClass.TournamentApprovalPageExecuteTestClass" name="toVerifySingelsStateLevelTournamentApprovalThatEnrollByAClub" time="0.0">
    <ignored/>
  </testcase> <!-- toVerifySingelsStateLevelTournamentApprovalThatEnrollByAClub -->
  <testcase classname="districtSecretaryExecutePageClass.TournamentApprovalPageExecuteTestClass" name="toVerifyMixedDoublesDistrictLevelTournamentApprovalThatEnrollByAClub" time="0.0">
    <ignored/>
  </testcase> <!-- toVerifyMixedDoublesDistrictLevelTournamentApprovalThatEnrollByAClub -->
  <testcase classname="districtSecretaryExecutePageClass.TournamentApprovalPageExecuteTestClass" name="toVerifyMixedDoublesStateLevelTournamentApprovalThatEnrollByAClub" time="0.0">
    <ignored/>
  </testcase> <!-- toVerifyMixedDoublesStateLevelTournamentApprovalThatEnrollByAClub -->
  <testcase classname="districtSecretaryExecutePageClass.TournamentApprovalPageExecuteTestClass" name="toVerifySingelsDistrictLevelTournamentApprovalThatEnrollByAClub" time="0.0">
    <ignored/>
  </testcase> <!-- toVerifySingelsDistrictLevelTournamentApprovalThatEnrollByAClub -->
  <testcase classname="districtSecretaryExecutePageClass.TournamentApprovalPageExecuteTestClass" name="toVerifyDoublesDistrictLevelTournamentApprovalThatEnrollByAClub" time="0.0">
    <ignored/>
  </testcase> <!-- toVerifyDoublesDistrictLevelTournamentApprovalThatEnrollByAClub -->
  <testcase classname="districtSecretaryExecutePageClass.TournamentApprovalPageExecuteTestClass" name="toVerifyDoublesPartnerOutsideClubStateLevelApprovalThatEnrollByAClub" time="0.0">
    <ignored/>
  </testcase> <!-- toVerifyDoublesPartnerOutsideClubStateLevelApprovalThatEnrollByAClub -->
</testsuite> <!-- District Secretary - State Level Doubles Tournament Approval -->
