<?xml version="1.0" encoding="UTF-8"?>
<!-- Generated by org.testng.reporters.JUnitXMLReporter -->
<testsuite ignored="2" hostname="DESKTOP-VKDEH0D" failures="0" tests="13" name="Login" time="78.426" errors="0" timestamp="2022-12-30T10:04:39 IST">
  <testcase classname="clubExecutePageClass.ClubLoginPageExecuteTestClass" name="verifySuccessulLogin" time="3.31"/>
  <testcase classname="clubExecutePageClass.ClubLoginPageExecuteTestClass" name="verifywithInvaliUserNameAndInValidPassword" time="2.181"/>
  <testcase classname="clubExecutePageClass.ClubLoginPageExecuteTestClass" name="verifywithInvaliUserNameAndValidPassword" time="2.187"/>
  <testcase classname="clubExecutePageClass.ClubLoginPageExecuteTestClass" name="verifywithvaliUserNameAndInValidPassword" time="2.029"/>
  <testcase classname="districtSecretaryExecutePageClass.DistrictSecretaryLoginPageExecuteTestClass" name="verifywithSuccessfulLogin" time="1.678"/>
  <testcase classname="districtSecretaryExecutePageClass.DistrictSecretaryLoginPageExecuteTestClass" name="verifywithInvalidUserNameAndValidPassWordfulLogin" time="1.82"/>
  <testcase classname="districtSecretaryExecutePageClass.DistrictSecretaryLoginPageExecuteTestClass" name="verifywithValidUserNameAndInValidPassWordfulLogin" time="1.892"/>
  <testcase classname="districtSecretaryExecutePageClass.DistrictSecretaryLoginPageExecuteTestClass" name="verifywithInValidUserNameAndInValidPassWordfulLogin" time="1.766"/>
  <testcase classname="stateSecretaryExecutePageClass.LoginPageExecuteTestClass" name="verifyLoginwithValidUserNameAndValidPassword" time="4.276"/>
  <testcase classname="stateSecretaryExecutePageClass.LoginPageExecuteTestClass" name="verifyLoginWithInvalidUsernameAndValidPassword" time="1.975"/>
  <testcase classname="stateSecretaryExecutePageClass.LoginPageExecuteTestClass" name="verifyLoginwithValidUsernameandInvalidPassword" time="2.037"/>
  <testcase classname="stateSecretaryExecutePageClass.LoginPageExecuteTestClass" name="verifyLoginwithInValidUsernameandInvalidPassword" time="2.316"/>
  <testcase classname="stateSecretaryExecutePageClass.LoginPageExecuteTestClass" name="verifyDashBoardPageVisibleOrNot" time="1.548"/>
  <testcase classname="baseClass.BaseClas" name="@BeforeSuite createReport" time="0.0">
    <ignored/>
  </testcase> <!-- @BeforeSuite createReport -->
  <testcase classname="baseClass.BaseClas" name="@BeforeSuite createReport" time="0.0">
    <ignored/>
  </testcase> <!-- @BeforeSuite createReport -->
</testsuite> <!-- Login -->
