<?xml version="1.0" encoding="UTF-8"?>
<!-- Generated by org.testng.reporters.JUnitXMLReporter -->
<testsuite ignored="6" hostname="DESKTOP-VKDEH0D" failures="0" tests="1" name="State Secretary Login - National Level Doubles Tournament Approval Partner within the club" time="40.342" errors="0" timestamp="2023-01-30T16:30:21 IST">
  <testcase classname="stateSecretaryExecutePageClass.TournamentApprovalPageExecuteTestClass" name="toVerfyStateScretaryCanDoDoublesNationalLevelPartnerWithinTheClubTournamentApprovalThatEnrollByClub" time="36.524"/>
  <testcase classname="stateSecretaryExecutePageClass.TournamentApprovalPageExecuteTestClass" name="toVerfyStateScretaryCanDoSinglesNationalLevelTournamentApprovalThatEnrollByClub" time="0.0">
    <ignored/>
  </testcase> <!-- toVerfyStateScretaryCanDoSinglesNationalLevelTournamentApprovalThatEnrollByClub -->
  <testcase classname="stateSecretaryExecutePageClass.TournamentApprovalPageExecuteTestClass" name="toVerfyStateScretaryCanDoOutSideKeralaMixedDoublesNationalLevelTournamentApprovalThatEnrollByClub" time="0.0">
    <ignored/>
  </testcase> <!-- toVerfyStateScretaryCanDoOutSideKeralaMixedDoublesNationalLevelTournamentApprovalThatEnrollByClub -->
  <testcase classname="stateSecretaryExecutePageClass.TournamentApprovalPageExecuteTestClass" name="toVerfyStateScretaryCanDoOutSideClubMixedDoublesNationalLevelTournamentApprovalThatEnrollByClub" time="0.0">
    <ignored/>
  </testcase> <!-- toVerfyStateScretaryCanDoOutSideClubMixedDoublesNationalLevelTournamentApprovalThatEnrollByClub -->
  <testcase classname="stateSecretaryExecutePageClass.TournamentApprovalPageExecuteTestClass" name="toVerfyStateScretaryCanDoDoublesNationalLevelPartnerOutsideTheClubTournamentApprovalThatEnrollByClub" time="0.0">
    <ignored/>
  </testcase> <!-- toVerfyStateScretaryCanDoDoublesNationalLevelPartnerOutsideTheClubTournamentApprovalThatEnrollByClub -->
  <testcase classname="stateSecretaryExecutePageClass.TournamentApprovalPageExecuteTestClass" name="toVerfyStateScretaryCanDoDoublesNationalLevelPartnerOutsideKeralaTournamentApprovalThatEnrollByClub" time="0.0">
    <ignored/>
  </testcase> <!-- toVerfyStateScretaryCanDoDoublesNationalLevelPartnerOutsideKeralaTournamentApprovalThatEnrollByClub -->
  <testcase classname="stateSecretaryExecutePageClass.TournamentApprovalPageExecuteTestClass" name="toVerfyStateScretaryCanDoWithinClubMixedDoublesNationalLevelTournamentApprovalThatEnrollByClub" time="0.0">
    <ignored/>
  </testcase> <!-- toVerfyStateScretaryCanDoWithinClubMixedDoublesNationalLevelTournamentApprovalThatEnrollByClub -->
</testsuite> <!-- State Secretary Login - National Level Doubles Tournament Approval Partner within the club -->
