<?xml version="1.0" encoding="UTF-8"?>
<!-- Generated by org.testng.reporters.JUnitXMLReporter -->
<testsuite ignored="2" hostname="DESKTOP-VKDEH0D" failures="0" tests="1" name="State Secretary Login - National Level Doubles Tournament Approval" time="43.43" errors="0" timestamp="2023-01-28T09:11:23 IST">
  <testcase classname="stateSecretaryExecutePageClass.TournamentApprovalPageExecuteTestClass" name="toVerfyStateScretaryCanDoDoublesNationalLevelTournamentApprovalThatEnrollByClub" time="38.654"/>
  <testcase classname="stateSecretaryExecutePageClass.TournamentApprovalPageExecuteTestClass" name="toVerfyStateScretaryCanDoMixedDoublesNationalLevelTournamentApprovalThatEnrollByClub" time="0.0">
    <ignored/>
  </testcase> <!-- toVerfyStateScretaryCanDoMixedDoublesNationalLevelTournamentApprovalThatEnrollByClub -->
  <testcase classname="stateSecretaryExecutePageClass.TournamentApprovalPageExecuteTestClass" name="toVerfyStateScretaryCanDoSinglesNationalLevelTournamentApprovalThatEnrollByClub" time="0.0">
    <ignored/>
  </testcase> <!-- toVerfyStateScretaryCanDoSinglesNationalLevelTournamentApprovalThatEnrollByClub -->
</testsuite> <!-- State Secretary Login - National Level Doubles Tournament Approval -->
