<?xml version="1.0" encoding="UTF-8"?>
<!-- Generated by org.testng.reporters.JUnitXMLReporter -->
<testsuite ignored="6" hostname="DESKTOP-VKDEH0D" failures="0" tests="1" name="State Secretary Login - National Level Mixed Doubles Tournament Approval outside Kerala" time="33.944" errors="0" timestamp="2023-01-30T16:38:07 IST">
  <testcase classname="stateSecretaryExecutePageClass.TournamentApprovalPageExecuteTestClass" name="toVerfyStateScretaryCanDoOutSideKeralaMixedDoublesNationalLevelTournamentApprovalThatEnrollByClub" time="30.261"/>
  <testcase classname="stateSecretaryExecutePageClass.TournamentApprovalPageExecuteTestClass" name="toVerfyStateScretaryCanDoSinglesNationalLevelTournamentApprovalThatEnrollByClub" time="0.0">
    <ignored/>
  </testcase> <!-- toVerfyStateScretaryCanDoSinglesNationalLevelTournamentApprovalThatEnrollByClub -->
  <testcase classname="stateSecretaryExecutePageClass.TournamentApprovalPageExecuteTestClass" name="toVerfyStateScretaryCanDoOutSideClubMixedDoublesNationalLevelTournamentApprovalThatEnrollByClub" time="0.0">
    <ignored/>
  </testcase> <!-- toVerfyStateScretaryCanDoOutSideClubMixedDoublesNationalLevelTournamentApprovalThatEnrollByClub -->
  <testcase classname="stateSecretaryExecutePageClass.TournamentApprovalPageExecuteTestClass" name="toVerfyStateScretaryCanDoDoublesNationalLevelPartnerOutsideTheClubTournamentApprovalThatEnrollByClub" time="0.0">
    <ignored/>
  </testcase> <!-- toVerfyStateScretaryCanDoDoublesNationalLevelPartnerOutsideTheClubTournamentApprovalThatEnrollByClub -->
  <testcase classname="stateSecretaryExecutePageClass.TournamentApprovalPageExecuteTestClass" name="toVerfyStateScretaryCanDoDoublesNationalLevelPartnerOutsideKeralaTournamentApprovalThatEnrollByClub" time="0.0">
    <ignored/>
  </testcase> <!-- toVerfyStateScretaryCanDoDoublesNationalLevelPartnerOutsideKeralaTournamentApprovalThatEnrollByClub -->
  <testcase classname="stateSecretaryExecutePageClass.TournamentApprovalPageExecuteTestClass" name="toVerfyStateScretaryCanDoWithinClubMixedDoublesNationalLevelTournamentApprovalThatEnrollByClub" time="0.0">
    <ignored/>
  </testcase> <!-- toVerfyStateScretaryCanDoWithinClubMixedDoublesNationalLevelTournamentApprovalThatEnrollByClub -->
  <testcase classname="stateSecretaryExecutePageClass.TournamentApprovalPageExecuteTestClass" name="toVerfyStateScretaryCanDoDoublesNationalLevelPartnerWithinTheClubTournamentApprovalThatEnrollByClub" time="0.0">
    <ignored/>
  </testcase> <!-- toVerfyStateScretaryCanDoDoublesNationalLevelPartnerWithinTheClubTournamentApprovalThatEnrollByClub -->
</testsuite> <!-- State Secretary Login - National Level Mixed Doubles Tournament Approval outside Kerala -->
