<?xml version="1.0" encoding="UTF-8"?>
<!-- Generated by org.testng.reporters.JUnitXMLReporter -->
<testsuite ignored="0" hostname="DESKTOP-VKDEH0D" failures="0" tests="3" name="State Secretary -Tournament Type Master" time="68.954" errors="0" timestamp="2023-01-31T10:54:10 IST">
  <testcase classname="stateSecretaryExecutePageClass.TournamentTypeMasterExecuteTestClass" name="verifyStateSecretaryCanCreateTournamentType" time="11.179"/>
  <testcase classname="stateSecretaryExecutePageClass.TournamentTypeMasterExecuteTestClass" name="verifyStateSecretaryCanEditTournamentTypeName" time="21.262"/>
  <testcase classname="stateSecretaryExecutePageClass.TournamentTypeMasterExecuteTestClass" name="verifyStateSecretaryCanDeleteTournamentTypeName" time="21.203"/>
</testsuite> <!-- State Secretary -Tournament Type Master -->
