<?xml version="1.0" encoding="UTF-8"?>
<!-- Generated by org.testng.reporters.JUnitXMLReporter -->
<testsuite ignored="0" hostname="DESKTOP-VKDEH0D" failures="0" tests="3" name="State Secretary -Event Category Master" time="80.721" errors="0" timestamp="2023-01-31T10:55:31 IST">
  <testcase classname="stateSecretaryExecutePageClass.EventCategoryExecuteTestClass" name="verifyStateSecretaryCanCreateSinglesEvent" time="21.234"/>
  <testcase classname="stateSecretaryExecutePageClass.EventCategoryExecuteTestClass" name="verifyStateSecretaryCanCreateDoublesEvent" time="23.592"/>
  <testcase classname="stateSecretaryExecutePageClass.EventCategoryExecuteTestClass" name="verifyStateSecretaryCanCreateMixedDoublesEvent" time="24.285"/>
</testsuite> <!-- State Secretary -Event Category Master -->
