<?xml version="1.0" encoding="UTF-8"?>
<!-- Generated by org.testng.reporters.JUnitXMLReporter -->
<testsuite ignored="0" hostname="DESKTOP-VKDEH0D" failures="0" tests="3" name="State Secretary Club Master" time="90.771" errors="0" timestamp="2023-01-31T10:53:01 IST">
  <testcase classname="stateSecretaryExecutePageClass.ClubMasterExecuteTestClass" name="verifyClubCreation" time="19.075"/>
  <testcase classname="stateSecretaryExecutePageClass.ClubMasterExecuteTestClass" name="verifyEditClubRegistration" time="31.06"/>
  <testcase classname="stateSecretaryExecutePageClass.ClubMasterExecuteTestClass" name="verifyDeleteClubRegistration" time="25.187"/>
</testsuite> <!-- State Secretary Club Master -->
