<?xml version="1.0" encoding="UTF-8"?>
<!-- Generated by org.testng.reporters.JUnitXMLReporter -->
<testsuite ignored="0" hostname="DESKTOP-VKDEH0D" failures="0" tests="3" name="State Secretary Player registration page" time="92.195" errors="0" timestamp="2022-12-30T10:11:51 IST">
  <testcase classname="stateSecretaryExecutePageClass.PlayerRegistrationExecuteTestClass" name="verifyWhetherTheSecretaryCanRegisterNewPlayerOrNot" time="28.593"/>
  <testcase classname="stateSecretaryExecutePageClass.PlayerRegistrationExecuteTestClass" name="verifyWhetherTheSecretaryCanEditSavedPlayer" time="34.332"/>
  <testcase classname="stateSecretaryExecutePageClass.PlayerRegistrationExecuteTestClass" name="verifyWhetherTheSecretaryCanDeleteSavedPlayer" time="19.766"/>
</testsuite> <!-- State Secretary Player registration page -->
