<?xml version="1.0" encoding="UTF-8"?>
<!-- Generated by org.testng.reporters.JUnitXMLReporter -->
<testsuite ignored="1" hostname="DESKTOP-VKDEH0D" failures="1" tests="9" name="Test" time="154.071" errors="0" timestamp="2022-12-21T14:41:58 IST">
  <testcase classname="stateSecretaryExecutePageClass.ExecuteLoginPageTestClass" name="verifyLoginPageIsVisibleWhileLaunchingTheApplication" time="1.83">
    <failure type="java.lang.AssertionError" message="expected [http://qa.ttak.thesmartlive.] but found [http://qa.ttak.thesmartlive.com/]">
      <![CDATA[java.lang.AssertionError: expected [http://qa.ttak.thesmartlive.] but found [http://qa.ttak.thesmartlive.com/]
at stateSecretaryExecutePageClass.ExecuteLoginPageTestClass.verifyLoginPageIsVisibleWhileLaunchingTheApplication(ExecuteLoginPageTestClass.java:48)
at java.base/java.util.ArrayList.forEach(ArrayList.java:1511)
... Removed 31 stack frames]]>
    </failure>
  </testcase> <!-- verifyLoginPageIsVisibleWhileLaunchingTheApplication -->
  <testcase classname="stateSecretaryExecutePageClass.ExecuteLoginPageTestClass" name="verifyLoginwithValidUserNameAndValidPassword" time="4.797"/>
  <testcase classname="stateSecretaryExecutePageClass.ExecuteLoginPageTestClass" name="verifyLoginWithInvalidUsernameAndValidPassword" time="2.554"/>
  <testcase classname="stateSecretaryExecutePageClass.ExecuteLoginPageTestClass" name="verifyLoginwithValidUsernameandInvalidPassword" time="2.273"/>
  <testcase classname="stateSecretaryExecutePageClass.ExecuteLoginPageTestClass" name="verifyLoginwithInValidUsernameandInvalidPassword" time="2.194"/>
  <testcase classname="stateSecretaryExecutePageClass.ExecuteLoginPageTestClass" name="verifyDashBoardPageVisibleOrNot" time="1.486"/>
  <testcase classname="stateSecretaryExecutePageClass.ExeutePlayerRegistrationTestClass" name="verifyWhetherTheSecretaryCanRegisterNewPlayerOrNot" time="34.019"/>
  <testcase classname="stateSecretaryExecutePageClass.ExeutePlayerRegistrationTestClass" name="verifyWhetherTheSecretaryCanEditSavedPlayer" time="41.08"/>
  <testcase classname="stateSecretaryExecutePageClass.ExeutePlayerRegistrationTestClass" name="verifyWhetherTheSecretaryCanDeleteSavedPlayer" time="22.437"/>
  <testcase classname="baseClass.BaseClas" name="@BeforeSuite createReport" time="0.0">
    <ignored/>
  </testcase> <!-- @BeforeSuite createReport -->
</testsuite> <!-- Test -->
