<?xml version="1.0" encoding="UTF-8"?>
<!-- Generated by org.testng.reporters.JUnitXMLReporter -->
<testsuite ignored="0" hostname="DESKTOP-VKDEH0D" failures="0" tests="3" name="Tournament Type Master" time="62.798" errors="0" timestamp="2023-01-13T11:01:43 IST">
  <testcase classname="stateSecretaryExecutePageClass.TournamentTypeMasterExecuteTestClass" name="verifyStateSecretaryCanCreateTournamentTypeName" time="10.835"/>
  <testcase classname="stateSecretaryExecutePageClass.TournamentTypeMasterExecuteTestClass" name="verifyStateSecretaryCanEditTournamentTypeName" time="17.73"/>
  <testcase classname="stateSecretaryExecutePageClass.TournamentTypeMasterExecuteTestClass" name="verifyStateSecretaryCanDeleteTournamentTypeName" time="17.417"/>
</testsuite> <!-- Tournament Type Master -->
